<?xml version="1.0" encoding="utf-8" standalone="no"?>
<!--This file represents the results of running a test suite-->
<test-results name="C:\Users\teja\Documents\GitHub\PlatformAutomationTestFramework\RunNUnuitTests\bin\Debug\RunNUnuitTests.dll" total="1" errors="1" failures="0" not-run="0" inconclusive="0" ignored="0" skipped="0" invalid="0" date="2013-07-17" time="10:24:30">
  <environment nunit-version="2.6.2.12296" clr-version="4.0.30319.18051" os-version="Microsoft Windows NT 6.2.9200.0" platform="Win32NT" cwd="C:\Program Files (x86)\NUnit 2.6.2\bin" machine-name="TEJA-PC" user="teja" user-domain="teja-pc" />
  <culture-info current-culture="en-GB" current-uiculture="en-GB" />
  <test-suite type="Assembly" name="C:\Users\teja\Documents\GitHub\PlatformAutomationTestFramework\RunNUnuitTests\bin\Debug\RunNUnuitTests.dll" executed="True" result="Failure" success="False" time="23.244" asserts="0">
    <results>
      <test-suite type="Namespace" name="SeleniumTests" executed="True" result="Failure" success="False" time="23.243" asserts="0">
        <results>
          <test-suite type="TestFixture" name="seleniumnunittests" executed="True" result="Failure" success="False" time="23.242" asserts="0">
            <results>
              <test-case name="SeleniumTests.seleniumnunittests.BathroomLinearTestRun" executed="True" result="Error" success="False" time="23.241" asserts="1">
                <failure>
                  <message><![CDATA[OpenQA.Selenium.NoSuchElementException : Unable to locate element: {"method":"css selector","selector":"div.price > p.ui-li-desc"}]]></message>
                  <stack-trace><![CDATA[at OpenQA.Selenium.Remote.RemoteWebDriver.UnpackAndThrowOnError(Response errorResponse) in c:\Projects\WebDriver\trunk\dotnet\src\WebDriver\Remote\RemoteWebDriver.cs:line 996
at OpenQA.Selenium.Remote.RemoteWebDriver.Execute(String driverCommandToExecute, Dictionary`2 parameters) in c:\Projects\WebDriver\trunk\dotnet\src\WebDriver\Remote\RemoteWebDriver.cs:line 849
at OpenQA.Selenium.Remote.RemoteWebDriver.FindElement(String mechanism, String value) in c:\Projects\WebDriver\trunk\dotnet\src\WebDriver\Remote\RemoteWebDriver.cs:line 878
at OpenQA.Selenium.By.FindElement(ISearchContext context) in c:\Projects\WebDriver\trunk\dotnet\src\WebDriver\By.cs:line 306
at SeleniumTests.seleniumnunittests.BathroomLinearTestRun() in c:\Users\teja\Documents\GitHub\PlatformAutomationTestFramework\RunNUnuitTests\RunNUnitTests.cs:line 68
]]></stack-trace>
                </failure>
              </test-case>
            </results>
          </test-suite>
        </results>
      </test-suite>
    </results>
  </test-suite>
</test-results>