<?xml version="1.0" encoding="utf-8" standalone="no"?>
<!--This file represents the results of running a test suite-->
<test-results name="C:\Users\teja\Documents\GitHub\PlatformAutomationTestFramework\RunNUnuitTests\bin\Debug\RunNUnuitTests.dll" total="0" errors="0" failures="0" not-run="4" inconclusive="0" ignored="0" skipped="0" invalid="4" date="2013-06-21" time="16:31:59">
  <environment nunit-version="2.6.2.12296" clr-version="4.0.30319.18046" os-version="Microsoft Windows NT 6.2.9200.0" platform="Win32NT" cwd="C:\Program Files (x86)\NUnit 2.6.2\bin" machine-name="TEJA-PC" user="teja" user-domain="teja-pc" />
  <culture-info current-culture="en-GB" current-uiculture="en-GB" />
  <test-suite type="Assembly" name="C:\Users\teja\Documents\GitHub\PlatformAutomationTestFramework\RunNUnuitTests\bin\Debug\RunNUnuitTests.dll" executed="True" result="Failure" success="False" time="0.021" asserts="0">
    <results>
      <test-suite type="Namespace" name="SeleniumTests" executed="True" result="Failure" success="False" time="0.021" asserts="0">
        <results>
          <test-suite type="TestFixture" name="Untitled" executed="True" result="Failure" success="False" time="0.020" asserts="0">
            <results>
              <test-case name="SeleniumTests.Untitled.CreatScarpe" executed="False" result="NotRunnable">
                <reason>
                  <message><![CDATA[No arguments were provided]]></message>
                </reason>
              </test-case>
              <test-case name="SeleniumTests.Untitled.CreatShop" executed="False" result="NotRunnable">
                <reason>
                  <message><![CDATA[No arguments were provided]]></message>
                </reason>
              </test-case>
              <test-case name="SeleniumTests.Untitled.report" executed="False" result="NotRunnable">
                <reason>
                  <message><![CDATA[No arguments were provided]]></message>
                </reason>
              </test-case>
              <test-case name="SeleniumTests.Untitled.TestSite" executed="False" result="NotRunnable">
                <reason>
                  <message><![CDATA[No arguments were provided]]></message>
                </reason>
              </test-case>
            </results>
          </test-suite>
        </results>
      </test-suite>
    </results>
  </test-suite>
</test-results>