<?xml version="1.0" encoding="utf-8" standalone="no"?>
<!--This file represents the results of running a test suite-->
<test-results name="C:\Users\teja\Documents\GitHub\PlatformAutomationTestFramework\RunNUnuitTests\bin\Debug\RunNUnuitTests.dll" total="1" errors="0" failures="0" not-run="0" inconclusive="0" ignored="0" skipped="0" invalid="0" date="2013-07-04" time="10:09:26">
  <environment nunit-version="2.6.2.12296" clr-version="4.0.30319.18046" os-version="Microsoft Windows NT 6.2.9200.0" platform="Win32NT" cwd="C:\Program Files (x86)\NUnit 2.6.2\bin" machine-name="TEJA-PC" user="teja" user-domain="teja-pc" />
  <culture-info current-culture="en-GB" current-uiculture="en-GB" />
  <test-suite type="Assembly" name="C:\Users\teja\Documents\GitHub\PlatformAutomationTestFramework\RunNUnuitTests\bin\Debug\RunNUnuitTests.dll" executed="True" result="Success" success="True" time="89.076" asserts="0">
    <results>
      <test-suite type="Namespace" name="SeleniumTests" executed="True" result="Success" success="True" time="89.057" asserts="0">
        <results>
          <test-suite type="TestFixture" name="seleniumnunittests" executed="True" result="Success" success="True" time="89.055" asserts="0">
            <results>
              <test-case name="SeleniumTests.seleniumnunittests.Bathroomrandomproducts" executed="True" result="Success" success="True" time="89.041" asserts="1" />
            </results>
          </test-suite>
        </results>
      </test-suite>
    </results>
  </test-suite>
</test-results>