<?xml version="1.0" encoding="utf-8"?>
<Catalogue xmlns:xsi="http://www.w3.org/2001/XMLSchema-instance" xmlns:xsd="http://www.w3.org/2001/XMLSchema" name="Test Catalogue" identifier="Test Catalogue Identifier" xmlns="http://services.mopowered.co.uk/CatalogueImport">
  <Categories>
    <Category identifier="b489be1c-4665-430d-8466-67f0e3788457" name="Test Category 1" description="Test Category Description 1" url="http://localhost">
      <Categories />
      <Products>
        <Product name="Test Product 0" url="http://localhost/" identifier="8cfef800-4ad2-49ca-bdb4-ff6f5593470e" code="cff186d1-403b-4069-8faa-c36fee3f3fda" shortDescription="Test Product Short Description 0" description="Test Product Description 0" price="10000" numberInStock="1000">
          <ProductImages />
          <ProductVariants />
        </Product>
        <Product name="Test Product 1" url="http://localhost/" identifier="9e85d3ee-a1cf-44fc-a840-03c6faa960e0" code="d2dbb1dc-8c12-4c87-bc5e-817137e48306" shortDescription="Test Product Short Description 1" description="Test Product Description 1" price="10000" numberInStock="1000">
          <ProductImages />
          <ProductVariants />
        </Product>
        <Product name="Test Product 2" url="http://localhost/" identifier="b433531b-f5b6-4619-866b-76b06f8281c3" code="e4335a35-d4ff-4f5f-a861-17b4e3b86e36" shortDescription="Test Product Short Description 2" description="Test Product Description 2" price="10000" numberInStock="1000">
          <ProductImages />
          <ProductVariants />
        </Product>
        <Product name="Test Product 3" url="http://localhost/" identifier="14953fdf-09d1-4710-a9e1-16ffb9a76621" code="dc527acb-9baf-4ad6-a796-2e038b9d1b15" shortDescription="Test Product Short Description 3" description="Test Product Description 3" price="10000" numberInStock="1000">
          <ProductImages />
          <ProductVariants />
        </Product>
        <Product name="Test Product 4" url="http://localhost/" identifier="70ffa925-78e3-4dbf-a509-e2d02d42fbfa" code="1894ebf5-0f3f-4244-bafd-4ee6746b9e13" shortDescription="Test Product Short Description 4" description="Test Product Description 4" price="10000" numberInStock="1000">
          <ProductImages />
          <ProductVariants />
        </Product>
        <Product name="Test Product 5" url="http://localhost/" identifier="56cc098c-eee1-4f45-b54c-cf36e8505db1" code="0d32c193-6670-4669-8f13-3b02d9082ba5" shortDescription="Test Product Short Description 5" description="Test Product Description 5" price="10000" numberInStock="1000">
          <ProductImages />
          <ProductVariants />
        </Product>
      </Products>
    </Category>
  </Categories>
  <Products />
</Catalogue>